<html>
<head>
<title>TestNG:  Surefire test</title>
<link href="../testng.css" rel="stylesheet" type="text/css" />
<link href="../my-testng.css" rel="stylesheet" type="text/css" />

<style type="text/css">
.log { display: none;} 
.stack-trace { display: none;} 
</style>
<script type="text/javascript">
<!--
function flip(e) {
  current = e.style.display;
  if (current == 'block') {
    e.style.display = 'none';
    return 0;
  }
  else {
    e.style.display = 'block';
    return 1;
  }
}

function toggleBox(szDivId, elem, msg1, msg2)
{
  var res = -1;  if (document.getElementById) {
    res = flip(document.getElementById(szDivId));
  }
  else if (document.all) {
    // this is the way old msie versions work
    res = flip(document.all[szDivId]);
  }
  if(elem) {
    if(res == 0) elem.innerHTML = msg1; else elem.innerHTML = msg2;
  }

}

function toggleAllBoxes() {
  if (document.getElementsByTagName) {
    d = document.getElementsByTagName('div');
    for (i = 0; i < d.length; i++) {
      if (d[i].className == 'log') {
        flip(d[i]);
      }
    }
  }
}

// -->
</script>

</head>
<body>
<h2 align='center'>Surefire test</h2><table border='1' align="center">
<tr>
<td>Tests passed/Failed/Skipped:</td><td>10/1/0</td>
</tr><tr>
<td>Started on:</td><td>Fri Jul 24 11:18:16 CST 2020</td>
</tr>
<tr><td>Total time:</td><td>12 seconds (12230 ms)</td>
</tr><tr>
<td>Included groups:</td><td></td>
</tr><tr>
<td>Excluded groups:</td><td></td>
</tr>
</table><p/>
<small><i>(Hover the method name to see the test class name)</i></small><p/>
<table width='100%' border='1' class='invocation-failed'>
<tr><td colspan='4' align='center'><b>FAILED TESTS</b></td></tr>
<tr><td><b>Test method</b></td>
<td width="30%"><b>Exception</b></td>
<td width="10%"><b>Time (seconds)</b></td>
<td><b>Instance</b></td>
</tr>
<tr>
<td title='runner.RunCucumberTest.runScenario()'><b>runScenario</b><br>Test class: runner.RunCucumberTest<br>Test method: Runs Cucumber Scenarios<br>Parameters: "Finding some cheese", "Optional[Google Search?]"</td>
<td><div><pre>org.openqa.selenium.NoSuchElementException: no such element: Unable to locate element: {&quot;method&quot;:&quot;css selector&quot;,&quot;selector&quot;:&quot;#kw&quot;}
  (Session info: headless chrome=84.0.4147.89)
For documentation on this error, please visit: https://www.seleniumhq.org/exceptions/no_such_element.html
Build info: version: &apos;3.141.59&apos;, revision: &apos;e82be7d358&apos;, time: &apos;2018-11-14T08:17:03&apos;
System info: host: &apos;yangyt001&apos;, ip: &apos;127.0.1.1&apos;, os.name: &apos;Linux&apos;, os.arch: &apos;amd64&apos;, os.version: &apos;5.4.0-42-generic&apos;, java.version: &apos;11.0.7&apos;
Driver info: org.openqa.selenium.chrome.ChromeDriver
Capabilities {acceptInsecureCerts: false, browserName: chrome, browserVersion: 84.0.4147.89, chrome: {chromedriverVersion: 83.0.4103.39 (ccbf011cb2d2b..., userDataDir: /tmp/.com.google.Chrome.tR5WBz}, goog:chromeOptions: {debuggerAddress: localhost:34271}, javascriptEnabled: true, networkConnectionEnabled: false, pageLoadStrategy: normal, platform: LINUX, platformName: LINUX, proxy: Proxy(), setWindowRect: true, strictFileInteractability: false, timeouts: {implicit: 0, pageLoad: 300000, script: 30000}, unhandledPromptBehavior: dismiss and notify, webauthn:virtualAuthenticators: true}
Session ID: 9885ad29cca70e8724cb486a5ea2b3da
*** Element info: {Using=id, value=kw}
	at org.openqa.selenium.remote.http.W3CHttpResponseCodec.createException(W3CHttpResponseCodec.java:187)
	at org.openqa.selenium.remote.http.W3CHttpResponseCodec.decode(W3CHttpResponseCodec.java:122)
	at org.openqa.selenium.remote.http.W3CHttpResponseCodec.decode(W3CHttpResponseCodec.java:49)
	at org.openqa.selenium.remote.HttpCommandExecutor.execute(HttpCommandExecutor.java:158)
	at org.openqa.selenium.remote.service.DriverCommandExecutor.execute(DriverCommandExecutor.java:83)
	at org.openqa.selenium.remote.RemoteWebDriver.execute(RemoteWebDriver.java:552)
	at org.openqa.selenium.remote.RemoteWebDriver.findElement(RemoteWebDriver.java:323)
	at org.openqa.selenium.remote.RemoteWebDriver.findElementById(RemoteWebDriver.java:372)
	at org.openqa.selenium.By$ById.findElement(By.java:188)
	at org.openqa.selenium.remote.RemoteWebDriver.findElement(RemoteWebDriver.java:315)
	at org.openqa.selenium.support.pagefactory.DefaultElementLocator.findElement(DefaultElementLocator.java:69)
	at org.openqa.selenium.support.pagefactory.internal.LocatingElementHandler.invoke(LocatingElementHandler.java:38)
	at com.sun.proxy.$Proxy35.sendKeys(Unknown Source)
	at uiTest.pageobjects.BaiduPage.searchFor(BaiduPage.java:13)
	at stepdefs.Step_UI.search_for(Step_UI.java:42)
	at ✽.I search for &quot;Cheese!&quot;(classpath:features/sample_feature/ui_feature.feature:7)
... Removed 4 stack frames</pre></div><a href='#' onClick='toggleBox("stack-trace963095740", this, "Click to show all stack frames", "Click to hide stack frames")'>Click to show all stack frames</a>
<div class='stack-trace' id='stack-trace963095740'><pre>org.openqa.selenium.NoSuchElementException: no such element: Unable to locate element: {&quot;method&quot;:&quot;css selector&quot;,&quot;selector&quot;:&quot;#kw&quot;}
  (Session info: headless chrome=84.0.4147.89)
For documentation on this error, please visit: https://www.seleniumhq.org/exceptions/no_such_element.html
Build info: version: &apos;3.141.59&apos;, revision: &apos;e82be7d358&apos;, time: &apos;2018-11-14T08:17:03&apos;
System info: host: &apos;yangyt001&apos;, ip: &apos;127.0.1.1&apos;, os.name: &apos;Linux&apos;, os.arch: &apos;amd64&apos;, os.version: &apos;5.4.0-42-generic&apos;, java.version: &apos;11.0.7&apos;
Driver info: org.openqa.selenium.chrome.ChromeDriver
Capabilities {acceptInsecureCerts: false, browserName: chrome, browserVersion: 84.0.4147.89, chrome: {chromedriverVersion: 83.0.4103.39 (ccbf011cb2d2b..., userDataDir: /tmp/.com.google.Chrome.tR5WBz}, goog:chromeOptions: {debuggerAddress: localhost:34271}, javascriptEnabled: true, networkConnectionEnabled: false, pageLoadStrategy: normal, platform: LINUX, platformName: LINUX, proxy: Proxy(), setWindowRect: true, strictFileInteractability: false, timeouts: {implicit: 0, pageLoad: 300000, script: 30000}, unhandledPromptBehavior: dismiss and notify, webauthn:virtualAuthenticators: true}
Session ID: 9885ad29cca70e8724cb486a5ea2b3da
*** Element info: {Using=id, value=kw}
	at java.base/jdk.internal.reflect.NativeConstructorAccessorImpl.newInstance0(Native Method)
	at java.base/jdk.internal.reflect.NativeConstructorAccessorImpl.newInstance(NativeConstructorAccessorImpl.java:62)
	at java.base/jdk.internal.reflect.DelegatingConstructorAccessorImpl.newInstance(DelegatingConstructorAccessorImpl.java:45)
	at java.base/java.lang.reflect.Constructor.newInstance(Constructor.java:490)
	at org.openqa.selenium.remote.http.W3CHttpResponseCodec.createException(W3CHttpResponseCodec.java:187)
	at org.openqa.selenium.remote.http.W3CHttpResponseCodec.decode(W3CHttpResponseCodec.java:122)
	at org.openqa.selenium.remote.http.W3CHttpResponseCodec.decode(W3CHttpResponseCodec.java:49)
	at org.openqa.selenium.remote.HttpCommandExecutor.execute(HttpCommandExecutor.java:158)
	at org.openqa.selenium.remote.service.DriverCommandExecutor.execute(DriverCommandExecutor.java:83)
	at org.openqa.selenium.remote.RemoteWebDriver.execute(RemoteWebDriver.java:552)
	at org.openqa.selenium.remote.RemoteWebDriver.findElement(RemoteWebDriver.java:323)
	at org.openqa.selenium.remote.RemoteWebDriver.findElementById(RemoteWebDriver.java:372)
	at org.openqa.selenium.By$ById.findElement(By.java:188)
	at org.openqa.selenium.remote.RemoteWebDriver.findElement(RemoteWebDriver.java:315)
	at org.openqa.selenium.support.pagefactory.DefaultElementLocator.findElement(DefaultElementLocator.java:69)
	at org.openqa.selenium.support.pagefactory.internal.LocatingElementHandler.invoke(LocatingElementHandler.java:38)
	at com.sun.proxy.$Proxy35.sendKeys(Unknown Source)
	at uiTest.pageobjects.BaiduPage.searchFor(BaiduPage.java:13)
	at stepdefs.Step_UI.search_for(Step_UI.java:42)
	at ✽.I search for &quot;Cheese!&quot;(classpath:features/sample_feature/ui_feature.feature:7)
</pre></div></td>
<td>10</td>
<td>runner.RunCucumberTest@6ad82709</td></tr>
</table><p>
<table width='100%' border='1' class='invocation-passed'>
<tr><td colspan='4' align='center'><b>PASSED TESTS</b></td></tr>
<tr><td><b>Test method</b></td>
<td width="30%"><b>Exception</b></td>
<td width="10%"><b>Time (seconds)</b></td>
<td><b>Instance</b></td>
</tr>
<tr>
<td title='runner.RunCucumberTest.runScenario()'><b>runScenario</b><br>Test class: runner.RunCucumberTest<br>Test method: Runs Cucumber Scenarios<br>Parameters: "Today is or is not Friday", "Optional[Is it Friday yet?]"</td>
<td></td>
<td>0</td>
<td>runner.RunCucumberTest@6ad82709</td></tr>
<tr>
<td title='runner.RunCucumberTest.runScenario()'><b>runScenario</b><br>Test class: runner.RunCucumberTest<br>Test method: Runs Cucumber Scenarios<br>Parameters: "今天是不是星期五", "Optional[今天是不是星期五?]"</td>
<td></td>
<td>0</td>
<td>runner.RunCucumberTest@6ad82709</td></tr>
<tr>
<td title='runner.RunCucumberTest.runScenario()'><b>runScenario</b><br>Test class: runner.RunCucumberTest<br>Test method: Runs Cucumber Scenarios<br>Parameters: "今天是不是星期五", "Optional[今天是不是星期五?]"</td>
<td></td>
<td>0</td>
<td>runner.RunCucumberTest@6ad82709</td></tr>
<tr>
<td title='runner.RunCucumberTest.runScenario()'><b>runScenario</b><br>Test class: runner.RunCucumberTest<br>Test method: Runs Cucumber Scenarios<br>Parameters: "Today is or is not Friday", "Optional[Is it Friday yet?]"</td>
<td></td>
<td>0</td>
<td>runner.RunCucumberTest@6ad82709</td></tr>
<tr>
<td title='runner.RunCucumberTest.runScenario()'><b>runScenario</b><br>Test class: runner.RunCucumberTest<br>Test method: Runs Cucumber Scenarios<br>Parameters: "今天是不是星期五", "Optional[今天是不是星期五?]"</td>
<td></td>
<td>0</td>
<td>runner.RunCucumberTest@6ad82709</td></tr>
<tr>
<td title='runner.RunCucumberTest.runScenario()'><b>runScenario</b><br>Test class: runner.RunCucumberTest<br>Test method: Runs Cucumber Scenarios<br>Parameters: "Today is or is not Friday", "Optional[Is it Friday yet?]"</td>
<td></td>
<td>0</td>
<td>runner.RunCucumberTest@6ad82709</td></tr>
<tr>
<td title='runner.RunCucumberTest.runScenario()'><b>runScenario</b><br>Test class: runner.RunCucumberTest<br>Test method: Runs Cucumber Scenarios<br>Parameters: "确认API调用能够正常返回期待的code", "Optional[回归测试]"</td>
<td></td>
<td>2</td>
<td>runner.RunCucumberTest@6ad82709</td></tr>
<tr>
<td title='runner.RunCucumberTest.runScenario()'><b>runScenario</b><br>Test class: runner.RunCucumberTest<br>Test method: Runs Cucumber Scenarios<br>Parameters: "确认API调用能够正常返回期待的code", "Optional[回归测试]"</td>
<td></td>
<td>1</td>
<td>runner.RunCucumberTest@6ad82709</td></tr>
<tr>
<td title='runner.RunCucumberTest.runScenario()'><b>runScenario</b><br>Test class: runner.RunCucumberTest<br>Test method: Runs Cucumber Scenarios<br>Parameters: "确认API调用能够正常返回期待的code", "Optional[回归测试]"</td>
<td></td>
<td>2</td>
<td>runner.RunCucumberTest@6ad82709</td></tr>
<tr>
<td title='runner.RunCucumberTest.runScenario()'><b>runScenario</b><br>Test class: runner.RunCucumberTest<br>Test method: Runs Cucumber Scenarios<br>Parameters: "User calls web service to get a book by its ISBN", "Optional[Get book by ISBN]"</td>
<td></td>
<td>2</td>
<td>runner.RunCucumberTest@6ad82709</td></tr>
</table><p>
</body>
</html>